PANDA -- vertex enumeration with adjacency decomposition
Reduced Vertices / Rays:
  1  1  1  1  1  1  1  1  1  1  1  1  0  0  0  0  0  0  0  0  0  0  0  0  0  0  0  0  0  0  0  0  1  1  1  1  1  1  1  1  0  0  0  0  0  0  0  0  0  0  0  0  0  0  0  0  0  0  0  0  0  0  0  0  0  0  0  0  0  0  0  0  0  0  0  0  0  0  0  0  1
Processing #1 of at least 1 class
Fourier-Motzkin Elimination step 117 / 120: 138425
Fourier-Motzkin Elimination step 118 / 120: 553088
Fourier-Motzkin Elimination step 119 / 120: 758108
Fourier-Motzkin Elimination step 120 / 120: 875195
  2  2  1  1  1  1  1  1  2  1  1  1  0  1  1  1  0  0  0  0  0  0  0  0  0  0  0  0  0  0  0  0  1  1  1  1  1  1  1  0  0  0  0  0  0  0  0  1  0  0  0  0  0  0  0  0  0  0  0  0  0  0  0  0  0  0  0  0  0  0  0  0  0  0  0  0  0  0  0  0  2
  2  2  1  1  1  1  1  1  1  1  1  1  1  1  1  1  0  0  0  0  0  0  0  0  0  0  0  0  0  0  0  0  1  1  1  0  1  1  1  0  0  0  0  1  0  0  0  1  0  0  0  0  0  0  0  0  0  0  0  0  0  0  0  0  0  0  0  0  0  0  0  0  0  0  0  0  0  0  0  0  2
  2  2  1  1  1  1  1  1  1  1  1  1  1  1  1  1  0  0  0  0  0  0  0  0  0  0  0  0  0  0  0  0  1  1  1  1  1  1  1  0  0  0  0  0  0  0  0  1  0  0  0  0  0  0  0  0  0  0  0  0  0  0  0  0  0  0  0  0  0  0  0  0  0  0  0  0  0  0  0  0  2
  2  2  1  1  1  1  1  1  2  1  1  1  0  1  1  0  0  0  0  1  0  0  0  0  0  0  0  0  0  0  0  0  1  1  1  1  1  1  1  0  0  0  0  0  0  0  0  0  0  0  0  0  0  0  0  1  0  0  0  0  0  0  0  0  0  0  0  0  0  0  0  0  0  0  0  0  0  0  0  0  2
  2  2  1  1  1  1  1  1  2  1  1  1  0  1  1  0  0  0  0  1  0  0  0  0  0  0  0  0  0  0  0  0  1  1  1  1  1  0  1  1  0  0  0  0  0  1  0  0  0  0  0  0  0  0  0  0  0  0  0  0  0  0  0  0  0  0  0  0  0  0  0  0  0  0  0  0  0  0  0  0  2
  2  2  1  1  1  1  1  1  2  1  1  1  0  0  1  1  0  1  0  0  0  0  0  0  0  0  0  0  0  0  0  0  1  1  1  1  1  1  1  0  0  0  0  0  0  0  0  1  0  0  0  0  0  0  0  0  0  0  0  0  0  0  0  0  0  0  0  0  0  0  0  0  0  0  0  0  0  0  0  0  2
  2  2  1  1  1  1  1  1  1  1  1  1  1  1  1  0  0  0  0  1  0  0  0  0  0  0  0  0  0  0  0  0  1  1  1  0  1  1  1  0  0  0  0  1  0  0  0  0  0  0  0  0  0  0  0  1  0  0  0  0  0  0  0  0  0  0  0  0  0  0  0  0  0  0  0  0  0  0  0  0  2
  2  2  1  1  1  1  1  1  1  1  1  1  1  1  1  0  0  0  0  1  0  0  0  0  0  0  0  0  0  0  0  0  1  1  1  1  1  1  1  0  0  0  0  0  0  0  0  0  0  0  0  0  0  0  0  1  0  0  0  0  0  0  0  0  0  0  0  0  0  0  0  0  0  0  0  0  0  0  0  0  2
  2  2  1  1  1  1  1  1  1  1  1  1  1  1  1  0  0  0  0  1  0  0  0  0  0  0  0  0  0  0  0  0  1  1  1  0  1  1  1  1  0  0  0  1  0  0  0  0  0  0  0  0  0  0  0  0  0  0  0  0  0  0  0  0  0  0  0  0  0  0  0  0  0  0  0  0  0  0  0  0  2
  2  2  1  1  1  1  1  1  1  1  1  1  1  1  1  0  0  0  0  1  0  0  0  0  0  0  0  0  0  0  0  0  1  1  1  1  1  0  1  1  0  0  0  0  0  1  0  0  0  0  0  0  0  0  0  0  0  0  0  0  0  0  0  0  0  0  0  0  0  0  0  0  0  0  0  0  0  0  0  0  2
  2  2  1  1  1  1  1  1  2  1  1  1  0  1  0  0  0  0  1  1  0  0  0  0  0  0  0  0  0  0  0  0  1  1  1  1  1  1  1  0  0  0  0  0  0  0  0  0  0  0  0  0  0  0  0  1  0  0  0  0  0  0  0  0  0  0  0  0  0  0  0  0  0  0  0  0  0  0  0  0  2
  2  2  1  1  1  1  1  1  1  1  1  1  1  1  0  0  0  0  1  1  0  0  0  0  0  0  0  0  0  0  0  0  1  1  1  0  1  1  1  0  0  0  0  1  0  0  0  0  0  0  0  0  0  0  0  1  0  0  0  0  0  0  0  0  0  0  0  0  0  0  0  0  0  0  0  0  0  0  0  0  2
  2  2  1  1  1  1  1  1  1  1  1  1  1  1  0  0  0  0  1  1  0  0  0  0  0  0  0  0  0  0  0  0  1  1  1  1  1  1  1  0  0  0  0  0  0  0  0  0  0  0  0  0  0  0  0  1  0  0  0  0  0  0  0  0  0  0  0  0  0  0  0  0  0  0  0  0  0  0  0  0  2
  2  2  1  1  1  1  1  1  1  1  1  1  1  1  0  0  0  0  1  1  0  0  0  0  0  0  0  0  0  0  0  0  1  1  1  0  1  1  1  1  0  0  0  1  0  0  0  0  0  0  0  0  0  0  0  0  0  0  0  0  0  0  0  0  0  0  0  0  0  0  0  0  0  0  0  0  0  0  0  0  2
  2  2  1  1  1  1  1  1  2  1  1  1  0  0  1  0  0  1  0  1  0  0  0  0  0  0  0  0  0  0  0  0  1  1  1  1  1  1  1  0  0  0  0  0  0  0  0  0  0  0  0  0  0  0  0  1  0  0  0  0  0  0  0  0  0  0  0  0  0  0  0  0  0  0  0  0  0  0  0  0  2
  2  2  1  1  1  1  1  1  2  1  1  1  0  0  1  0  0  1  0  1  0  0  0  0  0  0  0  0  0  0  0  0  1  1  1  1  1  0  1  1  0  0  0  0  0  1  0  0  0  0  0  0  0  0  0  0  0  0  0  0  0  0  0  0  0  0  0  0  0  0  0  0  0  0  0  0  0  0  0  0  2
  2  2  1  1  1  1  1  1  1  1  1  1  1  0  1  0  0  1  0  1  0  0  0  0  0  0  0  0  0  0  0  0  1  1  1  0  1  1  1  0  0  0  0  0  0  0  0  0  0  0  0  1  0  0  0  1  0  0  0  0  0  0  0  0  0  0  0  0  0  0  0  0  0  0  0  0  0  0  0  0  2
  2  2  1  1  1  1  1  1  1  1  1  1  1  0  1  0  0  1  0  1  0  0  0  0  0  0  0  0  0  0  0  0  1  1  1  0  1  0  1  1  0  0  0  0  0  1  0  0  0  0  0  1  0  0  0  0  0  0  0  0  0  0  0  0  0  0  0  0  0  0  0  0  0  0  0  0  0  0  0  0  2
  2  2  1  1  1  1  1  1  1  1  1  1  1  0  1  0  0  1  0  1  0  0  0  0  0  0  0  0  0  0  0  0  1  1  1  1  1  1  1  0  0  0  0  0  0  0  0  0  0  0  0  0  0  0  0  1  0  0  0  0  0  0  0  0  0  0  0  0  0  0  0  0  0  0  0  0  0  0  0  0  2
  2  2  1  1  1  1  1  1  1  1  1  1  1  0  1  0  0  1  0  1  0  0  0  0  0  0  0  0  0  0  0  0  1  1  1  1  1  0  1  1  0  0  0  0  0  1  0  0  0  0  0  0  0  0  0  0  0  0  0  0  0  0  0  0  0  0  0  0  0  0  0  0  0  0  0  0  0  0  0  0  2
  2  2  1  1  1  1  1  1  2  1  1  1  0  0  0  0  0  1  1  1  0  0  0  0  0  0  0  0  0  0  0  0  1  1  1  1  1  1  1  0  0  0  0  0  0  0  0  0  0  0  0  0  0  0  0  1  0  0  0  0  0  0  0  0  0  0  0  0  0  0  0  0  0  0  0  0  0  0  0  0  2
  2  2  1  1  1  1  1  1  1  1  1  1  1  0  0  0  0  1  1  1  0  0  0  0  0  0  0  0  0  0  0  0  1  1  1  0  1  1  1  0  0  0  0  0  0  0  0  0  0  0  0  1  0  0  0  1  0  0  0  0  0  0  0  0  0  0  0  0  0  0  0  0  0  0  0  0  0  0  0  0  2
  2  2  1  1  1  1  1  1  1  1  1  1  1  0  0  0  0  1  1  1  0  0  0  0  0  0  0  0  0  0  0  0  1  1  1  0  1  1  1  1  0  0  0  0  0  0  0  0  0  0  0  1  0  0  0  0  0  0  0  0  0  0  0  0  0  0  0  0  0  0  0  0  0  0  0  0  0  0  0  0  2
  2  2  1  1  1  1  1  1  1  1  1  1  1  0  0  0  0  1  1  1  0  0  0  0  0  0  0  0  0  0  0  0  1  1  1  1  1  1  1  0  0  0  0  0  0  0  0  0  0  0  0  0  0  0  0  1  0  0  0  0  0  0  0  0  0  0  0  0  0  0  0  0  0  0  0  0  0  0  0  0  2
  2  2  1  1  1  1  1  1  1  1  1  1  1  0  0  0  0  1  1  1  0  0  0  0  0  0  0  0  0  0  0  0  1  1  1  0  1  0  1  0  0  0  0  0  0  0  0  0  0  0  0  1  0  1  0  1  0  0  0  0  0  0  0  0  0  0  0  0  0  0  0  0  0  0  0  0  0  0  0  0  2
  2  2  1  1  1  1  1  1  1  1  1  1  0  0  0  0  1  1  1  1  0  0  0  0  0  0  0  0  0  0  0  0  1  1  1  0  1  1  1  0  0  0  0  0  0  0  0  0  0  0  0  1  0  0  0  1  0  0  0  0  0  0  0  0  0  0  0  0  0  0  0  0  0  0  0  0  0  0  0  0  2
  2  2  1  1  1  1  1  1  1  1  1  1  0  0  0  0  1  1  1  1  0  0  0  0  0  0  0  0  0  0  0  0  1  1  1  1  1  1  1  0  0  0  0  0  0  0  0  0  0  0  0  0  0  0  0  1  0  0  0  0  0  0  0  0  0  0  0  0  0  0  0  0  0  0  0  0  0  0  0  0  2
  2  1  1  1  1  1  1  1  1  1  1  1  1  1  0  0  0  0  0  0  0  0  1  1  0  0  0  0  0  0  0  0  1  1  1  0  1  1  1  1  0  0  0  1  0  0  0  0  0  0  0  0  0  0  0  0  0  0  0  0  0  0  0  0  0  0  0  0  0  0  0  0  0  0  0  0  0  0  0  0  2
  2  1  1  1  1  1  1  1  1  1  1  1  1  0  0  0  0  1  0  0  0  0  1  1  0  0  0  0  0  0  0  0  1  1  1  0  1  1  1  1  0  0  0  0  0  0  0  0  0  0  0  1  0  0  0  0  0  0  0  0  0  0  0  0  0  0  0  0  0  0  0  0  0  0  0  0  0  0  0  0  2
  2  1  1  1  1  1  1  1  1  1  1  1  1  0  0  0  0  1  0  0  0  0  1  1  0  0  0  0  0  0  0  0  1  0  1  1  1  1  1  1  0  1  0  0  0  0  0  0  0  0  0  0  0  0  0  0  0  0  0  0  0  0  0  0  0  0  0  0  0  0  0  0  0  0  0  0  0  0  0  0  2
  2  1  1  1  1  1  1  1  1  1  1  1  0  0  0  0  1  1  0  0  0  0  1  1  0  0  0  0  0  0  0  0  1  1  1  0  1  1  1  1  0  0  0  0  0  0  0  0  0  0  0  1  0  0  0  0  0  0  0  0  0  0  0  0  0  0  0  0  0  0  0  0  0  0  0  0  0  0  0  0  2
  2  1  1  1  1  1  1  1  2  1  1  1  0  1  0  0  0  0  0  0  0  0  1  1  0  0  0  0  0  0  0  0  1  1  1  0  1  1  1  1  0  0  0  1  0  0  0  0  0  0  0  0  0  0  0  0  0  0  0  0  0  0  0  0  0  0  0  0  0  0  0  0  0  0  0  0  0  0  0  0  2
  2  1  1  1  1  1  1  1  1  1  1  1  1  1  0  0  0  0  0  0  0  0  1  1  0  0  0  0  0  0  0  0  1  0  1  0  1  1  1  1  0  1  0  1  0  0  0  0  0  0  0  0  0  0  0  0  0  0  0  0  0  0  0  0  0  0  0  0  0  0  0  0  0  0  0  0  0  0  0  0  2
  2  1  1  1  1  1  1  1  2  1  1  1  0  0  0  0  0  1  0  0  0  0  1  1  0  0  0  0  0  0  0  0  1  1  1  0  1  1  1  1  0  0  0  0  0  0  0  0  0  0  0  1  0  0  0  0  0  0  0  0  0  0  0  0  0  0  0  0  0  0  0  0  0  0  0  0  0  0  0  0  2
  2  1  1  1  1  1  1  1  1  1  1  1  1  0  0  0  0  1  0  0  0  0  1  1  0  0  0  0  0  0  0  0  1  0  1  0  1  1  1  1  0  1  0  0  0  0  0  0  0  0  0  1  0  0  0  0  0  0  0  0  0  0  0  0  0  0  0  0  0  0  0  0  0  0  0  0  0  0  0  0  2
  2  1  1  1  1  1  1  1  1  1  1  1  0  0  0  0  1  1  0  0  0  0  1  1  0  0  0  0  0  0  0  0  1  0  1  0  1  1  1  1  0  0  0  0  0  0  0  0  0  1  0  1  0  0  0  0  0  0  0  0  0  0  0  0  0  0  0  0  0  0  0  0  0  0  0  0  0  0  0  0  2
  2  2  1  1  1  1  1  1  2  1  1  1  0  1  0  0  0  0  1  1  0  0  0  0  0  0  0  0  0  0  0  0  1  1  1  1  1  0  1  0  0  0  0  0  0  0  0  0  0  0  0  0  0  1  0  1  0  0  0  0  0  0  0  0  0  0  0  0  0  0  0  0  0  0  0  0  0  0  0  0  2
  2  2  1  1  1  1  1  1  1  1  1  1  1  1  0  0  0  0  1  1  0  0  0  0  0  0  0  0  0  0  0  0  1  1  1  1  1  0  1  0  0  0  0  0  0  0  0  0  0  0  0  0  0  1  0  1  0  0  0  0  0  0  0  0  0  0  0  0  0  0  0  0  0  0  0  0  0  0  0  0  2
  2  2  1  1  1  1  1  1  2  1  1  1  0  0  0  0  0  1  1  1  0  0  0  0  0  0  0  0  0  0  0  0  1  1  1  1  1  0  1  0  0  0  0  0  0  0  0  0  0  0  0  0  0  1  0  1  0  0  0  0  0  0  0  0  0  0  0  0  0  0  0  0  0  0  0  0  0  0  0  0  2
  2  2  1  1  1  1  1  1  1  1  1  1  1  0  0  0  0  1  1  1  0  0  0  0  0  0  0  0  0  0  0  0  1  1  1  1  1  0  1  0  0  0  0  0  0  0  0  0  0  0  0  0  0  1  0  1  0  0  0  0  0  0  0  0  0  0  0  0  0  0  0  0  0  0  0  0  0  0  0  0  2
  2  2  1  1  1  1  1  1  1  1  1  1  0  0  0  0  1  1  1  1  0  0  0  0  0  0  0  0  0  0  0  0  1  1  1  1  1  0  1  0  0  0  0  0  0  0  0  0  0  0  0  0  0  1  0  1  0  0  0  0  0  0  0  0  0  0  0  0  0  0  0  0  0  0  0  0  0  0  0  0  2
  2  2  1  1  1  1  1  1  2  1  1  1  0  1  1  0  0  0  0  1  0  0  0  0  0  0  0  0  0  0  0  0  1  1  1  1  1  0  1  0  0  0  0  0  0  1  0  0  0  0  0  0  0  0  0  1  0  0  0  0  0  0  0  0  0  0  0  0  0  0  0  0  0  0  0  0  0  0  0  0  2
  2  2  1  1  1  1  1  1  1  1  1  1  1  1  1  0  0  0  0  1  0  0  0  0  0  0  0  0  0  0  0  0  1  1  1  1  1  0  1  0  0  0  0  0  0  1  0  0  0  0  0  0  0  0  0  1  0  0  0  0  0  0  0  0  0  0  0  0  0  0  0  0  0  0  0  0  0  0  0  0  2
  2  2  1  1  1  1  1  1  2  1  1  1  0  0  1  0  0  1  0  1  0  0  0  0  0  0  0  0  0  0  0  0  1  1  1  1  1  0  1  0  0  0  0  0  0  1  0  0  0  0  0  0  0  0  0  1  0  0  0  0  0  0  0  0  0  0  0  0  0  0  0  0  0  0  0  0  0  0  0  0  2
  2  2  1  1  1  1  1  1  1  1  1  1  1  0  1  0  0  1  0  1  0  0  0  0  0  0  0  0  0  0  0  0  1  1  1  1  1  0  1  0  0  0  0  0  0  1  0  0  0  0  0  0  0  0  0  1  0  0  0  0  0  0  0  0  0  0  0  0  0  0  0  0  0  0  0  0  0  0  0  0  2
  2  2  1  1  1  1  1  1  2  1  1  1  0  1  1  1  0  0  0  0  0  0  0  0  0  0  0  0  0  0  0  0  1  1  1  1  1  0  1  0  0  0  0  0  0  1  0  1  0  0  0  0  0  0  0  0  0  0  0  0  0  0  0  0  0  0  0  0  0  0  0  0  0  0  0  0  0  0  0  0  2
  2  2  1  1  1  1  1  1  1  1  1  1  1  1  1  1  0  0  0  0  0  0  0  0  0  0  0  0  0  0  0  0  1  1  1  1  1  0  1  0  0  0  0  0  0  1  0  1  0  0  0  0  0  0  0  0  0  0  0  0  0  0  0  0  0  0  0  0  0  0  0  0  0  0  0  0  0  0  0  0  2
  2  2  1  1  1  1  1  1  2  1  1  1  0  0  1  1  0  1  0  0  0  0  0  0  0  0  0  0  0  0  0  0  1  1  1  1  1  0  1  0  0  0  0  0  0  1  0  1  0  0  0  0  0  0  0  0  0  0  0  0  0  0  0  0  0  0  0  0  0  0  0  0  0  0  0  0  0  0  0  0  2
  2  2  1  1  1  1  1  1  2  1  2  1  0  1  0  0  0  0  0  1  0  0  0  0  0  0  0  0  0  0  0  0  1  1  1  1  1  1  1  0  0  0  0  0  0  0  0  0  0  0  0  0  0  0  0  1  0  0  0  0  0  0  0  0  0  0  0  0  0  0  0  0  0  0  0  0  0  0  0  0  2
  2  2  1  1  1  1  1  1  2  1  2  1  0  0  0  0  0  1  0  1  0  0  0  0  0  0  0  0  0  0  0  0  1  1  1  1  1  1  1  0  0  0  0  0  0  0  0  0  0  0  0  0  0  0  0  1  0  0  0  0  0  0  0  0  0  0  0  0  0  0  0  0  0  0  0  0  0  0  0  0  2
  2  2  1  1  1  1  1  1  2  1  2  1  0  1  0  1  0  0  0  0  0  0  0  0  0  0  0  0  0  0  0  0  1  1  1  1  1  1  1  0  0  0  0  0  0  0  0  1  0  0  0  0  0  0  0  0  0  0  0  0  0  0  0  0  0  0  0  0  0  0  0  0  0  0  0  0  0  0  0  0  2
  2  2  1  1  1  1  1  1  2  2  1  1  0  0  1  1  0  0  0  0  0  0  0  0  0  0  0  0  0  0  0  0  1  1  1  1  1  1  1  0  0  0  0  0  0  0  0  1  0  0  0  0  0  0  0  0  0  0  0  0  0  0  0  0  0  0  0  0  0  0  0  0  0  0  0  0  0  0  0  0  2
  2  2  1  1  1  1  1  1  2  2  1  1  0  0  1  0  0  0  0  1  0  0  0  0  0  0  0  0  0  0  0  0  1  1  1  1  1  1  1  0  0  0  0  0  0  0  0  0  0  0  0  0  0  0  0  1  0  0  0  0  0  0  0  0  0  0  0  0  0  0  0  0  0  0  0  0  0  0  0  0  2
  2  2  1  1  1  1  1  1  2  2  1  1  0  0  0  0  0  0  1  1  0  0  0  0  0  0  0  0  0  0  0  0  1  1  1  1  1  1  1  0  0  0  0  0  0  0  0  0  0  0  0  0  0  0  0  1  0  0  0  0  0  0  0  0  0  0  0  0  0  0  0  0  0  0  0  0  0  0  0  0  2
  1  1  1  1  1  1  1  0  1  1  1  1  0  0  0  0  0  0  0  0  1  1  1  1  0  0  0  0  0  0  0  0  1  1  1  1  1  0  1  0  0  0  0  0  0  0  0  0  0  0  0  0  0  0  0  0  0  0  0  0  0  1  0  1  0  0  0  0  0  0  0  0  0  0  0  0  0  0  0  0  2
Done processing #1
Processing #2 of at least 56 classes
Processing #3 of at least 56 classes
Processing #4 of at least 56 classes
Processing #5 of at least 56 classes
Processing #6 of at least 56 classes
Processing #7 of at least 56 classes
Processing #8 of at least 56 classes
Processing #9 of at least 56 classes
Processing #10 of at least 56 classes
Processing #11 of at least 56 classes
Processing #12 of at least 56 classes
Processing #13 of at least 56 classes
Processing #14 of at least 56 classes
Processing #15 of at least 56 classes
Processing #16 of at least 56 classes
Processing #17 of at least 56 classes
Processing #18 of at least 56 classes
Processing #19 of at least 56 classes
Processing #20 of at least 56 classes
Processing #21 of at least 56 classes
Processing #22 of at least 56 classes
Processing #23 of at least 56 classes
Processing #24 of at least 56 classes
Processing #25 of at least 56 classes
Processing #26 of at least 56 classes
Processing #27 of at least 56 classes
Processing #28 of at least 56 classes
Processing #29 of at least 56 classes
Processing #30 of at least 56 classes
Processing #31 of at least 56 classes
Processing #32 of at least 56 classes
Processing #33 of at least 56 classes
Processing #34 of at least 56 classes
Processing #35 of at least 56 classes
Processing #36 of at least 56 classes
Processing #37 of at least 56 classes
Processing #38 of at least 56 classes
Processing #39 of at least 56 classes
Processing #40 of at least 56 classes
Processing #41 of at least 56 classes
Processing #42 of at least 56 classes
Processing #43 of at least 56 classes
Processing #44 of at least 56 classes
Processing #45 of at least 56 classes
Processing #46 of at least 56 classes
Processing #47 of at least 56 classes
Processing #48 of at least 56 classes
Processing #49 of at least 56 classes
Fourier-Motzkin Elimination step 112 / 112: 3106
Fourier-Motzkin Elimination step 112 / 112: 3752
Fourier-Motzkin Elimination step 112 / 112: 3752
Fourier-Motzkin Elimination step 112 / 112: 3752
Fourier-Motzkin Elimination step 112 / 112: 3752
Fourier-Motzkin Elimination step 112 / 112: 3752
Fourier-Motzkin Elimination step 112 / 112: 3752
Fourier-Motzkin Elimination step 112 / 112: 3752
Fourier-Motzkin Elimination step 112 / 112: 3106
Fourier-Motzkin Elimination step 112 / 112: 3034
Fourier-Motzkin Elimination step 112 / 112: 3034
Fourier-Motzkin Elimination step 112 / 112: 3034
Done processing #48
Processing #50 of at least 56 classes
Done processing #2
Processing #51 of at least 56 classes
Done processing #47
Processing #52 of at least 56 classes
Done processing #51
Processing #53 of at least 56 classes
Done processing #4
Processing #54 of at least 56 classes
Done processing #52
Processing #55 of at least 56 classes
Done processing #53
Processing #56 of at least 56 classes
Done processing #3
/var/spool/slurmd/job1666291/slurm_script: line 6: 2732062 Killed                  ../panda -c -i safe -s reverse nsco1_facets.pi

real	1575m14.823s
user	1569m35.748s
sys	0m20.066s
slurmstepd: error: Detected 1 oom-kill event(s) in StepId=1666291.batch cgroup. Some of your processes may have been killed by the cgroup out-of-memory handler.
