PANDA -- facet enumeration with adjacency decomposition
Warning: validity of input vertices cannot be verified for reduced input.
Reduced Inequalities:
x0 +x4 +x8 +x12 +x16 +x20 +x24 +x28 -x30 -x38 -x46 -x54 -x62 -x70 -x78 <= 1
Processing #1 of at least 1 class
Fourier-Motzkin Elimination step 149 / 8020096: 2734
Fourier-Motzkin Elimination step 150 / 8020096: 3186
Fourier-Motzkin Elimination step 151 / 8020096: 4762
Fourier-Motzkin Elimination step 153 / 8020096: 4918
Fourier-Motzkin Elimination step 154 / 8020096: 3665
Fourier-Motzkin Elimination step 155 / 8020096: 4630
Fourier-Motzkin Elimination step 157 / 8020096: 4161
Fourier-Motzkin Elimination step 158 / 8020096: 3136
Fourier-Motzkin Elimination step 159 / 8020096: 3807
Fourier-Motzkin Elimination step 161 / 8020096: 3788
Fourier-Motzkin Elimination step 162 / 8020096: 3618
Fourier-Motzkin Elimination step 163 / 8020096: 4644
Fourier-Motzkin Elimination step 164 / 8020096: 3254
Fourier-Motzkin Elimination step 165 / 8020096: 5139
Fourier-Motzkin Elimination step 166 / 8020096: 4543
/var/spool/slurmd/job1676927/slurm_script: line 7: 3608162 Killed                  $DATA/panda-data/panda -c -i safe ../lc_vertices_shuffled.pi

real	45m5.441s
user	43m33.005s
sys	1m17.903s
slurmstepd: error: Detected 1 oom-kill event(s) in StepId=1676927.batch cgroup. Some of your processes may have been killed by the cgroup out-of-memory handler.
